Stake DAO - Swap Report
Protocol: CURVE
Timestamp: 1738195200
Date: 2025-01-30 01:00:00 UTC
--------------------------------------------------------------------------------

📊 CURVE Swap Report

🔄 https://etherscan.io/tx/0x31fbd6d2fa50d02ab2c9a4d28436f63e13e3541622dd011f5e89e7f877e91a3d Transaction
├─ https://etherscan.io/token/0xD1b5651E55D4CeeD36251c61c50C889B36F6abB5 sdCRV: 77,403.22 • https://etherscan.io/token/0xD533a949740bb3306d119CC777fa900bA034cd52 CRV: 52,043.11 • https://etherscan.io/token/0xC02aaA39b223FE8D0A0e5C4F27eAD9083C756Cc2 WETH: 12.6247
├─ https://etherscan.io/token/0xc02aaa39b223fe8d0a0e5c4f27ead9083c756cc2 WETH: 2.64 → 2.6435 https://etherscan.io/token/0xC02aaA39b223FE8D0A0e5C4F27eAD9083C756Cc2 WETH (7.7%)
├─ https://etherscan.io/token/0x41d5d79431a913c4ae7d69a668ecdfe5ff9dfb68 INV: 640.67 → 9.0375 https://etherscan.io/token/0xC02aaA39b223FE8D0A0e5C4F27eAD9083C756Cc2 WETH (26.5%)
└─ https://etherscan.io/token/0x40d16fc0246ad3160ccc09b8d0d3a2cd28ae6c2f GHO: 3,061.90 → 0.9437 https://etherscan.io/token/0xC02aaA39b223FE8D0A0e5C4F27eAD9083C756Cc2 WETH (2.8%)

🔄 https://etherscan.io/tx/0x1bd19bab13321bf31ae275db0d8c18e9ded0cb20d6132e63519ede0f1603bad1 Transaction
├─ https://etherscan.io/token/0xD1b5651E55D4CeeD36251c61c50C889B36F6abB5 sdCRV: 13,698.94 • https://etherscan.io/token/0xD533a949740bb3306d119CC777fa900bA034cd52 CRV: 9,071.42 • https://etherscan.io/token/0xC02aaA39b223FE8D0A0e5C4F27eAD9083C756Cc2 WETH: 2.1765
├─ https://etherscan.io/token/0xdbdb4d16eda451d0503b854cf79d55697f90c8df ALCX: 422.33 → 1.9751 https://etherscan.io/token/0xC02aaA39b223FE8D0A0e5C4F27eAD9083C756Cc2 WETH (5.8%)
├─ https://etherscan.io/token/0x6b5204b0be36771253cc38e88012e02b752f0f36 ZUN: 15,817.21 → 0.0683 https://etherscan.io/token/0xC02aaA39b223FE8D0A0e5C4F27eAD9083C756Cc2 WETH (0.2%)
└─ https://etherscan.io/token/0xf939e0a03fb07f59a73314e73794be0e57ac1b4e crvUSD: 434.31 → 0.1332 https://etherscan.io/token/0xC02aaA39b223FE8D0A0e5C4F27eAD9083C756Cc2 WETH (0.4%)

🔄 https://etherscan.io/tx/0x57320094c98c15f8ee26fb75eaebcf2685747e898bd101aa98449ef98273c668 Transaction
├─ https://etherscan.io/token/0xD1b5651E55D4CeeD36251c61c50C889B36F6abB5 sdCRV: 2,531.09 • https://etherscan.io/token/0xD533a949740bb3306d119CC777fa900bA034cd52 CRV: 1,660.42 • https://etherscan.io/token/0xC02aaA39b223FE8D0A0e5C4F27eAD9083C756Cc2 WETH: 0.4007
├─ https://etherscan.io/token/0x1cfa5641c01406ab8ac350ded7d735ec41298372 CJPY: 37,115.88 → 0.0681 https://etherscan.io/token/0xC02aaA39b223FE8D0A0e5C4F27eAD9083C756Cc2 WETH (0.2%)
├─ https://etherscan.io/token/0x4e3fbd56cd56c3e72c1403e103b45db9da5b9d2b CVX: 167.83 → 0.1637 https://etherscan.io/token/0xC02aaA39b223FE8D0A0e5C4F27eAD9083C756Cc2 WETH (0.5%)
└─ https://etherscan.io/token/0x3432b6a60d23ca0dfca7761b7ab56459d9c964d0 FXS: 215.06 → 0.1689 https://etherscan.io/token/0xC02aaA39b223FE8D0A0e5C4F27eAD9083C756Cc2 WETH (0.5%)

🔄 https://etherscan.io/tx/0x8eeb2e52e8d2de39f9a77b02957f1f4903da3fdbd1de5efbddff8fb9370f725d Transaction
├─ https://etherscan.io/token/0xD1b5651E55D4CeeD36251c61c50C889B36F6abB5 sdCRV: 119,089.81 • https://etherscan.io/token/0xD533a949740bb3306d119CC777fa900bA034cd52 CRV: 79,777.49 • https://etherscan.io/token/0xC02aaA39b223FE8D0A0e5C4F27eAD9083C756Cc2 WETH: 18.9489
├─ https://etherscan.io/token/0x8207c1ffc5b6804f6024322ccf34f29c3541ae26 OGN: 84,149.46 → 2.4059 https://etherscan.io/token/0xC02aaA39b223FE8D0A0e5C4F27eAD9083C756Cc2 WETH (7.0%)
├─ https://etherscan.io/token/0x090185f2135308bad17527004364ebcc2d37e5f6 SPELL: 36,914,913.36 → 16.2990 https://etherscan.io/token/0xC02aaA39b223FE8D0A0e5C4F27eAD9083C756Cc2 WETH (47.7%)
└─ https://etherscan.io/token/0x30d20208d987713f46dfd34ef128bb16c404d10f SD: 887.19 → 0.2440 https://etherscan.io/token/0xC02aaA39b223FE8D0A0e5C4F27eAD9083C756Cc2 WETH (0.7%)

📈 Final Summary
└─ 212,723.06 https://etherscan.io/token/0xD1b5651E55D4CeeD36251c61c50C889B36F6abB5 sdCRV
   └─ via 34.1509 https://etherscan.io/token/0xC02aaA39b223FE8D0A0e5C4F27eAD9083C756Cc2 WETH
      └─ to 142,552.45 https://etherscan.io/token/0xD533a949740bb3306d119CC777fa900bA034cd52 CRV