Stake DAO - Swap Report
Protocol: CURVE
Timestamp: 1743638400
Date: 2025-04-03 00:00:00 UTC
--------------------------------------------------------------------------------

📊 CURVE Swap Report

🔄 https://etherscan.io/tx/0xdd115e6cd4e7b97d2997a5348b5d0284df0c89a9e0619a7221af5d80cfdcb534 Transaction
├─ https://etherscan.io/token/0xD1b5651E55D4CeeD36251c61c50C889B36F6abB5 sdCRV: 34,453.09 • https://etherscan.io/token/0xD533a949740bb3306d119CC777fa900bA034cd52 CRV: 24,749.12 • https://etherscan.io/token/0xC02aaA39b223FE8D0A0e5C4F27eAD9083C756Cc2 WETH: 7.2192
└─ https://etherscan.io/token/0x41d5d79431a913c4ae7d69a668ecdfe5ff9dfb68 INV: 432.08 → 7.2192 https://etherscan.io/token/0xC02aaA39b223FE8D0A0e5C4F27eAD9083C756Cc2 WETH (14.1%)

🔄 https://etherscan.io/tx/0x2797b73702a61ae997da2cefee6328bbab45685fd815e5d4fed4143ba6fc868c Transaction
├─ https://etherscan.io/token/0xD1b5651E55D4CeeD36251c61c50C889B36F6abB5 sdCRV: 33,313.79 • https://etherscan.io/token/0xD533a949740bb3306d119CC777fa900bA034cd52 CRV: 24,254.14 • https://etherscan.io/token/0xC02aaA39b223FE8D0A0e5C4F27eAD9083C756Cc2 WETH: 7.0026
└─ https://etherscan.io/token/0x41d5d79431a913c4ae7d69a668ecdfe5ff9dfb68 INV: 420.95 → 7.0026 https://etherscan.io/token/0xC02aaA39b223FE8D0A0e5C4F27eAD9083C756Cc2 WETH (13.7%)

🔄 https://etherscan.io/tx/0xa428f60af1523b5c70bb0ba4c699ec15c1f7e3727cfe97633736e97e95f3c64c Transaction
├─ https://etherscan.io/token/0xD1b5651E55D4CeeD36251c61c50C889B36F6abB5 sdCRV: 32,528.55 • https://etherscan.io/token/0xD533a949740bb3306d119CC777fa900bA034cd52 CRV: 23,980.13 • https://etherscan.io/token/0xC02aaA39b223FE8D0A0e5C4F27eAD9083C756Cc2 WETH: 7.0456
└─ https://etherscan.io/token/0x41d5d79431a913c4ae7d69a668ecdfe5ff9dfb68 INV: 432.51 → 7.0456 https://etherscan.io/token/0xC02aaA39b223FE8D0A0e5C4F27eAD9083C756Cc2 WETH (13.8%)

🔄 https://etherscan.io/tx/0x0f5d6ef5482ea126f50e68891376b16b12991ae15d8d99e85b25871448f65975 Transaction
├─ https://etherscan.io/token/0xD1b5651E55D4CeeD36251c61c50C889B36F6abB5 sdCRV: 24,223.64 • https://etherscan.io/token/0xD533a949740bb3306d119CC777fa900bA034cd52 CRV: 17,674.40 • https://etherscan.io/token/0xC02aaA39b223FE8D0A0e5C4F27eAD9083C756Cc2 WETH: 5.1461
└─ https://etherscan.io/token/0x41d5d79431a913c4ae7d69a668ecdfe5ff9dfb68 INV: 315.83 → 5.1461 https://etherscan.io/token/0xC02aaA39b223FE8D0A0e5C4F27eAD9083C756Cc2 WETH (10.1%)

🔄 https://etherscan.io/tx/0xdcdd8557fc04fddc24879515a204904b8fdad2d8a2b47b3a928efc0965317213 Transaction
├─ https://etherscan.io/token/0xD1b5651E55D4CeeD36251c61c50C889B36F6abB5 sdCRV: 28,523.50 • https://etherscan.io/token/0xD533a949740bb3306d119CC777fa900bA034cd52 CRV: 20,610.50 • https://etherscan.io/token/0xC02aaA39b223FE8D0A0e5C4F27eAD9083C756Cc2 WETH: 5.8727
└─ https://etherscan.io/token/0xa0b86991c6218b36c1d19d4a2e9eb0ce3606eb48 USDC: 10,537.45 → 5.8727 https://etherscan.io/token/0xC02aaA39b223FE8D0A0e5C4F27eAD9083C756Cc2 WETH (11.5%)

🔄 https://etherscan.io/tx/0x70f9a13381433e6765fb4fef0a8ef77b2d717ac91b00af12e52c4b186180acce Transaction
├─ https://etherscan.io/token/0xD1b5651E55D4CeeD36251c61c50C889B36F6abB5 sdCRV: 60,074.23 • https://etherscan.io/token/0xD533a949740bb3306d119CC777fa900bA034cd52 CRV: 43,768.96 • https://etherscan.io/token/0xC02aaA39b223FE8D0A0e5C4F27eAD9083C756Cc2 WETH: 12.2763
├─ https://etherscan.io/token/0x090185f2135308bad17527004364ebcc2d37e5f6 SPELL: 23,887,387.29 → 6.8742 https://etherscan.io/token/0xC02aaA39b223FE8D0A0e5C4F27eAD9083C756Cc2 WETH (13.5%)
└─ https://etherscan.io/token/0xa0b86991c6218b36c1d19d4a2e9eb0ce3606eb48 USDC: 9,812.27 → 5.4021 https://etherscan.io/token/0xC02aaA39b223FE8D0A0e5C4F27eAD9083C756Cc2 WETH (10.6%)

🔄 https://etherscan.io/tx/0xf86353fc72c0a736c4347f0a27a4082dd6a4d9e691ee1daaf4c7c70332115423 Transaction
├─ https://etherscan.io/token/0xD1b5651E55D4CeeD36251c61c50C889B36F6abB5 sdCRV: 12,166.24 • https://etherscan.io/token/0xD533a949740bb3306d119CC777fa900bA034cd52 CRV: 8,785.24 • https://etherscan.io/token/0xC02aaA39b223FE8D0A0e5C4F27eAD9083C756Cc2 WETH: 2.4344
└─ https://etherscan.io/token/0xdbdb4d16eda451d0503b854cf79d55697f90c8df ALCX: 516.08 → 2.4344 https://etherscan.io/token/0xC02aaA39b223FE8D0A0e5C4F27eAD9083C756Cc2 WETH (4.8%)

🔄 https://etherscan.io/tx/0x2c712badf8417926f1148baa034db553751f4c8fea7d6fcfe8f10e69b4f14531 Transaction
├─ https://etherscan.io/token/0xD1b5651E55D4CeeD36251c61c50C889B36F6abB5 sdCRV: 16,711.41 • https://etherscan.io/token/0xD533a949740bb3306d119CC777fa900bA034cd52 CRV: 12,159.24 • https://etherscan.io/token/0xC02aaA39b223FE8D0A0e5C4F27eAD9083C756Cc2 WETH: 3.3298
├─ https://etherscan.io/token/0x419905009e4656fdc02418c7df35b1e61ed5f726 RSUP: 730.17 → 1.1341 https://etherscan.io/token/0xC02aaA39b223FE8D0A0e5C4F27eAD9083C756Cc2 WETH (2.2%)
├─ https://etherscan.io/token/0x3432b6a60d23ca0dfca7761b7ab56459d9c964d0 FXS: 322.81 → 0.3249 https://etherscan.io/token/0xC02aaA39b223FE8D0A0e5C4F27eAD9083C756Cc2 WETH (0.6%)
├─ https://etherscan.io/token/0x30d20208d987713f46dfd34ef128bb16c404d10f SD: 5,616.86 → 1.4362 https://etherscan.io/token/0xC02aaA39b223FE8D0A0e5C4F27eAD9083C756Cc2 WETH (2.8%)
└─ https://etherscan.io/token/0x4e3fbd56cd56c3e72c1403e103b45db9da5b9d2b CVX: 397.62 → 0.4346 https://etherscan.io/token/0xC02aaA39b223FE8D0A0e5C4F27eAD9083C756Cc2 WETH (0.9%)

🔄 https://etherscan.io/tx/0x683ace1b6eee03a566e314af071d05728f177ffd632be1f46232fac161cd0bae Transaction
├─ https://etherscan.io/token/0xD1b5651E55D4CeeD36251c61c50C889B36F6abB5 sdCRV: 3,489.62 • https://etherscan.io/token/0xD533a949740bb3306d119CC777fa900bA034cd52 CRV: 2,552.34 • https://etherscan.io/token/0xC02aaA39b223FE8D0A0e5C4F27eAD9083C756Cc2 WETH: 0.6976
├─ https://etherscan.io/token/0xf939e0a03fb07f59a73314e73794be0e57ac1b4e crvUSD: 503.01 → 0.2774 https://etherscan.io/token/0xC02aaA39b223FE8D0A0e5C4F27eAD9083C756Cc2 WETH (0.5%)
├─ https://etherscan.io/token/0x8207c1ffc5b6804f6024322ccf34f29c3541ae26 OGN: 9,902.09 → 0.3080 https://etherscan.io/token/0xC02aaA39b223FE8D0A0e5C4F27eAD9083C756Cc2 WETH (0.6%)
└─ https://etherscan.io/token/0xdac17f958d2ee523a2206206994597c13d831ec7 USDT: 203.33 → 0.1122 https://etherscan.io/token/0xC02aaA39b223FE8D0A0e5C4F27eAD9083C756Cc2 WETH (0.2%)


🔍 Token Contributions:
├─ https://etherscan.io/token/0x41d5d79431a913c4ae7d69a668ecdfe5ff9dfb68 INV: 1,601.38 → 26.4134 WETH (51.8%)
├─ https://etherscan.io/token/0xa0b86991c6218b36c1d19d4a2e9eb0ce3606eb48 USDC: 20,349.72 → 11.2748 WETH (22.1%)
├─ https://etherscan.io/token/0x090185f2135308bad17527004364ebcc2d37e5f6 SPELL: 23,887,387.29 → 6.8742 WETH (13.5%)
├─ https://etherscan.io/token/0xdbdb4d16eda451d0503b854cf79d55697f90c8df ALCX: 516.08 → 2.4344 WETH (4.8%)
├─ https://etherscan.io/token/0x30d20208d987713f46dfd34ef128bb16c404d10f SD: 5,616.86 → 1.4362 WETH (2.8%)
├─ https://etherscan.io/token/0x419905009e4656fdc02418c7df35b1e61ed5f726 RSUP: 730.17 → 1.1341 WETH (2.2%)
├─ https://etherscan.io/token/0x4e3fbd56cd56c3e72c1403e103b45db9da5b9d2b CVX: 397.62 → 0.4346 WETH (0.9%)
├─ https://etherscan.io/token/0x3432b6a60d23ca0dfca7761b7ab56459d9c964d0 FXS: 322.81 → 0.3249 WETH (0.6%)
├─ https://etherscan.io/token/0x8207c1ffc5b6804f6024322ccf34f29c3541ae26 OGN: 9,902.09 → 0.3080 WETH (0.6%)
├─ https://etherscan.io/token/0xf939e0a03fb07f59a73314e73794be0e57ac1b4e crvUSD: 503.01 → 0.2774 WETH (0.5%)
├─ https://etherscan.io/token/0xdac17f958d2ee523a2206206994597c13d831ec7 USDT: 203.33 → 0.1122 WETH (0.2%)

📈 Final Summary
└─ 245,484.06 https://etherscan.io/token/0xD1b5651E55D4CeeD36251c61c50C889B36F6abB5 sdCRV
   └─ via 51.0243 https://etherscan.io/token/0xC02aaA39b223FE8D0A0e5C4F27eAD9083C756Cc2 WETH
      └─ to 178,534.08 https://etherscan.io/token/0xD533a949740bb3306d119CC777fa900bA034cd52 CRV